[2026-02-18 16:28:51] ============================================================
[2026-02-18 16:28:51] 知识库自动导入 开始
[2026-02-18 16:28:51] ============================================================
[2026-02-18 16:28:51] exporter 服务正常
[2026-02-18 16:28:51] 通过 Playwright 读取 IndexedDB（最近 24h，cutoff=1771316931）...
[2026-02-18 16:28:56] IndexedDB 中找到 0 篇最近 24h 的文章
[2026-02-18 16:28:56] 没有找到最近的文章，退出
[2026-02-18 16:29:04] ============================================================
[2026-02-18 16:29:04] 知识库自动导入 开始
[2026-02-18 16:29:04] ============================================================
[2026-02-18 16:29:04] exporter 服务正常
[2026-02-18 16:29:04] 通过 Playwright 读取 IndexedDB（最近 8760h，cutoff=1739867344）...
[2026-02-18 16:29:08] IndexedDB 中找到 0 篇最近 8760h 的文章
[2026-02-18 16:29:08] 没有找到最近的文章，退出
[2026-02-18 16:30:49] ============================================================
[2026-02-18 16:30:49] 知识库自动导入 开始
[2026-02-18 16:30:49] ============================================================
[2026-02-18 16:30:49] exporter 服务正常
[2026-02-18 16:30:49] 尝试 CDP 连接 (http://localhost:9222)...
[2026-02-18 16:30:49]   CDP 不可达，跳过
[2026-02-18 16:30:49] 尝试加载 Chrome 用户数据目录...
[2026-02-18 16:31:54]   加载用户数据失败（Chrome 可能正在运行）: Page.evaluate: Execution context was destroyed, most likely because of a navigation.
[2026-02-18 16:31:54] 无法读取 IndexedDB（Chrome 未在调试模式 且 Chrome 正在运行中）
[2026-02-18 16:31:54] 请用以下方式之一：
[2026-02-18 16:31:54]   1. 启动 Chrome 调试模式: ./start_chrome_debug.sh
[2026-02-18 16:31:54]   2. 关闭 Chrome 后再运行本脚本
[2026-02-18 16:31:54] 没有找到最近的文章，退出
[2026-02-19 19:50:25] ============================================================
[2026-02-19 19:50:25] AI 日报简报 开始生成
[2026-02-19 19:50:25] ============================================================
[2026-02-19 19:50:25] exporter 服务正常
[2026-02-19 19:50:25] 获取 auth-key 失败: 'utf-8' codec can't decode byte 0x96 in position 1: invalid start byte
[2026-02-19 19:50:25] 请先在浏览器中登录 exporter (localhost:3000)
[2026-02-19 19:51:15] ============================================================
[2026-02-19 19:51:15] AI 日报简报 开始生成
[2026-02-19 19:51:15] ============================================================
[2026-02-19 19:51:15] exporter 服务正常
[2026-02-19 19:51:15] auth-key 已获取 (Iht4dv`[...)
[2026-02-19 19:51:15] 搜索: 机器之心
[2026-02-19 19:51:17]   未找到: 机器之心
[2026-02-19 19:51:17] 搜索: 量子位
[2026-02-19 19:51:18]   未找到: 量子位
[2026-02-19 19:51:18] 搜索: 新智元
[2026-02-19 19:51:20]   未找到: 新智元
[2026-02-19 19:51:20] 搜索: 晚点LatePost
[2026-02-19 19:51:21]   未找到: 晚点LatePost
[2026-02-19 19:51:21] 搜索: 甲子光年
[2026-02-19 19:51:23]   未找到: 甲子光年
[2026-02-19 19:51:23] 搜索: 硅星人
[2026-02-19 19:51:24]   未找到: 硅星人
[2026-02-19 19:51:24] 搜索: 36氪
[2026-02-19 19:51:26]   未找到: 36氪
[2026-02-19 19:51:26] 搜索: 极客公园
[2026-02-19 19:51:27]   未找到: 极客公园
[2026-02-19 19:51:27] 搜索: PaperWeekly
[2026-02-19 19:51:29]   未找到: PaperWeekly
[2026-02-19 19:51:29] 搜索: 夕小瑶科技说
[2026-02-19 19:51:31]   未找到: 夕小瑶科技说
[2026-02-19 19:51:31] 搜索: 牛顿顿顿
[2026-02-19 19:51:32]   未找到: 牛顿顿顿
[2026-02-19 19:51:32] 搜索: 虎嗅APP
[2026-02-19 19:51:34]   未找到: 虎嗅APP
[2026-02-19 19:51:34] 没有找到最近的文章，退出
[2026-02-19 19:52:19] ============================================================
[2026-02-19 19:52:19] AI 日报简报 开始生成
[2026-02-19 19:52:19] ============================================================
[2026-02-19 19:52:19] exporter 服务正常
[2026-02-19 19:52:19] auth-key 已获取 (8f045c52...)
[2026-02-19 19:52:19] 搜索: 机器之心
[2026-02-19 19:52:21]   找到: 机器之心 (MzA3MzI4...)
[2026-02-19 19:53:46] ============================================================
[2026-02-19 19:53:46] AI 日报简报 开始生成
[2026-02-19 19:53:46] ============================================================
[2026-02-19 19:53:46] exporter 服务正常
[2026-02-19 19:53:46] auth-key 已获取 (8f045c52...)
[2026-02-19 19:53:46] 搜索: 机器之心
[2026-02-19 19:53:48]   找到: 机器之心 (MzA3MzI4...)
[2026-02-19 19:53:49]   机器之心: 6 篇
[2026-02-19 19:53:50] 搜索: 量子位
[2026-02-19 19:53:53]   找到: 量子位 (MzIzNjc1...)
[2026-02-19 19:53:53]   量子位: 6 篇
[2026-02-19 19:53:55] 搜索: 新智元
[2026-02-19 19:53:57]   找到: 新智元 (MzI3MTA0...)
[2026-02-19 19:53:58]   新智元: 6 篇
[2026-02-19 19:54:00] 搜索: 晚点LatePost
[2026-02-19 19:54:02]   找到: 晚点LatePost (MzU3Mjk1...)
[2026-02-19 19:54:02]   晚点LatePost: 0 篇
[2026-02-19 19:54:04] 搜索: 甲子光年
[2026-02-19 19:54:06]   找到: 甲子光年 (MzU5OTI0...)
[2026-02-19 19:54:07]   甲子光年: 0 篇
[2026-02-19 19:54:09] 搜索: 硅星人
[2026-02-19 19:54:11]   找到: 硅星人Pro (MzkyNjU2...)
[2026-02-19 19:54:12]   硅星人Pro: 2 篇
[2026-02-19 19:54:13] 搜索: 36氪
[2026-02-19 19:54:15]   找到: 36氪 (MzI2NDk5...)
[2026-02-19 19:54:16]   36氪: 4 篇
[2026-02-19 19:54:18] 搜索: 极客公园
[2026-02-19 19:54:20]   找到: 极客公园 (MTMwNDMw...)
[2026-02-19 19:54:20]   极客公园: 5 篇
[2026-02-19 19:54:22] 搜索: PaperWeekly
[2026-02-19 19:54:24]   找到: PaperWeekly (MzIwMTc4...)
[2026-02-19 19:54:25]   PaperWeekly: 0 篇
[2026-02-19 19:54:27] 搜索: 夕小瑶科技说
[2026-02-19 19:54:29]   找到: 夕小瑶科技说 (MzIwNzc2...)
[2026-02-19 19:54:30]   夕小瑶科技说: 0 篇
[2026-02-19 19:54:31] 搜索: 牛顿顿顿
[2026-02-19 19:54:34]   找到: 牛顿顿顿 (MzAwNTI1...)
[2026-02-19 19:54:34]   牛顿顿顿: 1 篇
[2026-02-19 19:54:36] 搜索: 虎嗅APP
[2026-02-19 19:54:39]   找到: 虎嗅APP (MTQzMjE1...)
[2026-02-19 19:54:39]   虎嗅APP: 9 篇
[2026-02-19 19:54:41] 原始文章: 39 篇（来自 8 个公众号）
[2026-02-19 19:54:41] AI 相关: 24/39
[2026-02-19 19:54:50] ============================================================
[2026-02-19 19:54:50] AI 日报简报 开始生成
[2026-02-19 19:54:50] ============================================================
[2026-02-19 19:54:50] exporter 服务正常
[2026-02-19 19:54:50] auth-key 已获取 (8f045c52...)
[2026-02-19 19:54:50] 搜索: 机器之心
[2026-02-19 19:54:52]   找到: 机器之心 (MzA3MzI4...)
[2026-02-19 19:54:53]   机器之心: 6 篇
[2026-02-19 19:54:54] 搜索: 量子位
[2026-02-19 19:54:56]   找到: 量子位 (MzIzNjc1...)
[2026-02-19 19:54:57]   量子位: 6 篇
[2026-02-19 19:54:59] 搜索: 新智元
[2026-02-19 19:55:01]   找到: 新智元 (MzI3MTA0...)
[2026-02-19 19:55:02]   新智元: 6 篇
[2026-02-19 19:55:03] 搜索: 晚点LatePost
[2026-02-19 19:55:05]   找到: 晚点LatePost (MzU3Mjk1...)
[2026-02-19 19:55:06]   晚点LatePost: 0 篇
[2026-02-19 19:55:08] 搜索: 甲子光年
[2026-02-19 19:55:10]   找到: 甲子光年 (MzU5OTI0...)
[2026-02-19 19:55:11]   甲子光年: 0 篇
[2026-02-19 19:55:12] 搜索: 硅星人
[2026-02-19 19:55:15]   找到: 硅星人Pro (MzkyNjU2...)
[2026-02-19 19:55:15]   硅星人Pro: 2 篇
[2026-02-19 19:55:17] 搜索: 36氪
[2026-02-19 19:55:19]   找到: 36氪 (MzI2NDk5...)
[2026-02-19 19:55:20]   36氪: 4 篇
[2026-02-19 19:55:21] 搜索: 极客公园
[2026-02-19 19:55:24]   找到: 极客公园 (MTMwNDMw...)
[2026-02-19 19:55:24]   极客公园: 5 篇
[2026-02-19 19:55:26] 搜索: PaperWeekly
[2026-02-19 19:55:28]   找到: PaperWeekly (MzIwMTc4...)
[2026-02-19 19:55:29]   PaperWeekly: 0 篇
[2026-02-19 19:55:30] 搜索: 夕小瑶科技说
[2026-02-19 19:55:33]   找到: 夕小瑶科技说 (MzIwNzc2...)
[2026-02-19 19:55:33]   夕小瑶科技说: 0 篇
[2026-02-19 19:55:35] 搜索: 牛顿顿顿
[2026-02-19 19:55:37]   找到: 牛顿顿顿 (MzAwNTI1...)
[2026-02-19 19:55:38]   牛顿顿顿: 1 篇
[2026-02-19 19:55:39] 搜索: 虎嗅APP
[2026-02-19 19:55:42]   找到: 虎嗅APP (MTQzMjE1...)
[2026-02-19 19:55:43]   虎嗅APP: 9 篇
[2026-02-19 19:55:44] 原始文章: 39 篇（来自 8 个公众号）
[2026-02-19 19:55:44] AI 相关: 24/39
[2026-02-19 19:57:34] ============================================================
[2026-02-19 19:57:34] AI 日报简报 开始生成
[2026-02-19 19:57:34] ============================================================
[2026-02-19 19:57:34] exporter 服务正常
[2026-02-19 19:57:35] auth-key 已获取 (8f045c52...)
[2026-02-19 19:57:35] 搜索: 机器之心
[2026-02-19 19:57:37]   找到: 机器之心 (MzA3MzI4...)
[2026-02-19 19:57:38]   机器之心: 6 篇
[2026-02-19 19:57:39] 搜索: 量子位
[2026-02-19 19:57:42]   找到: 量子位 (MzIzNjc1...)
[2026-02-19 19:57:42]   量子位: 6 篇
[2026-02-19 19:57:44] 搜索: 新智元
[2026-02-19 19:57:46]   找到: 新智元 (MzI3MTA0...)
[2026-02-19 19:57:47]   新智元: 6 篇
[2026-02-19 19:57:48] 搜索: 晚点LatePost
[2026-02-19 19:57:51]   找到: 晚点LatePost (MzU3Mjk1...)
[2026-02-19 19:57:51]   晚点LatePost: 0 篇
[2026-02-19 19:57:53] 搜索: 甲子光年
[2026-02-19 19:57:55]   找到: 甲子光年 (MzU5OTI0...)
[2026-02-19 19:57:56]   甲子光年: 0 篇
[2026-02-19 19:57:57] 搜索: 硅星人
[2026-02-19 19:58:00]   找到: 硅星人Pro (MzkyNjU2...)
[2026-02-19 19:58:00]   硅星人Pro: 2 篇
[2026-02-19 19:58:02] 搜索: 36氪
[2026-02-19 19:58:04]   找到: 36氪 (MzI2NDk5...)
[2026-02-19 19:58:05]   36氪: 4 篇
[2026-02-19 19:58:06] 搜索: 极客公园
[2026-02-19 19:58:08]   找到: 极客公园 (MTMwNDMw...)
[2026-02-19 19:58:09]   极客公园: 5 篇
[2026-02-19 19:58:10] 搜索: PaperWeekly
[2026-02-19 19:58:13]   找到: PaperWeekly (MzIwMTc4...)
[2026-02-19 19:58:13]   PaperWeekly: 0 篇
[2026-02-19 19:58:15] 搜索: 夕小瑶科技说
[2026-02-19 19:58:17]   找到: 夕小瑶科技说 (MzIwNzc2...)
[2026-02-19 19:58:18]   夕小瑶科技说: 0 篇
[2026-02-19 19:58:19] 搜索: 牛顿顿顿
[2026-02-19 19:58:22]   找到: 牛顿顿顿 (MzAwNTI1...)
[2026-02-19 19:58:22]   牛顿顿顿: 1 篇
[2026-02-19 19:58:24] 搜索: 虎嗅APP
[2026-02-19 19:58:26]   找到: 虎嗅APP (MTQzMjE1...)
[2026-02-19 19:58:27]   虎嗅APP: 9 篇
[2026-02-19 19:58:28] 原始文章: 39 篇（来自 8 个公众号）
[2026-02-19 19:58:28] AI 相关: 24/39
[2026-02-19 19:58:28] 去已入库: 24 篇（已跳过 0 篇）
[2026-02-19 19:58:28] 合并同类项: 24 → 24 条
[2026-02-19 19:58:28] 简报已生成: /Users/ciwang/Desktop/nuwa-project/knowledgebase/digests/2026-02-19.md
[2026-02-20 14:17:17] ============================================================
[2026-02-20 14:17:17] AI 日报简报 开始生成
[2026-02-20 14:17:17] ============================================================
[2026-02-20 14:17:17] exporter 服务正常
[2026-02-20 14:17:17] auth-key 已获取 (8f045c52...)
[2026-02-20 14:17:17] 搜索: 机器之心
[2026-02-20 14:17:20]   找到: 机器之心 (MzA3MzI4...)
[2026-02-20 14:17:21]   机器之心: 7 篇
[2026-02-20 14:17:22] 搜索: 量子位
[2026-02-20 14:17:24]   找到: 量子位 (MzIzNjc1...)
[2026-02-20 14:17:25]   量子位: 4 篇
[2026-02-20 14:17:27] 搜索: 新智元
[2026-02-20 14:17:29]   找到: 新智元 (MzI3MTA0...)
[2026-02-20 14:17:30]   新智元: 6 篇
[2026-02-20 14:17:31] 搜索: 晚点LatePost
[2026-02-20 14:17:34]   找到: 晚点LatePost (MzU3Mjk1...)
[2026-02-20 14:17:35]   晚点LatePost: 0 篇
[2026-02-20 14:17:36] 搜索: 甲子光年
[2026-02-20 14:17:39]   找到: 甲子光年 (MzU5OTI0...)
[2026-02-20 14:17:39]   甲子光年: 0 篇
[2026-02-20 14:17:41] 搜索: 硅星人
[2026-02-20 14:17:43]   找到: 硅星人Pro (MzkyNjU2...)
[2026-02-20 14:17:44]   硅星人Pro: 2 篇
[2026-02-20 14:17:45] 搜索: 36氪
[2026-02-20 14:17:48]   找到: 36氪 (MzI2NDk5...)
[2026-02-20 14:17:48]   36氪: 4 篇
[2026-02-20 14:17:50] 搜索: 极客公园
[2026-02-20 14:17:52]   找到: 极客公园 (MTMwNDMw...)
[2026-02-20 14:17:53]   极客公园: 4 篇
[2026-02-20 14:17:54] 搜索: PaperWeekly
[2026-02-20 14:17:57]   找到: PaperWeekly (MzIwMTc4...)
[2026-02-20 14:17:57]   PaperWeekly: 0 篇
[2026-02-20 14:17:59] 搜索: 夕小瑶科技说
[2026-02-20 14:18:01]   找到: 夕小瑶科技说 (MzIwNzc2...)
[2026-02-20 14:18:02]   夕小瑶科技说: 1 篇
[2026-02-20 14:18:03] 搜索: 牛顿顿顿
[2026-02-20 14:18:06]   找到: 牛顿顿顿 (MzAwNTI1...)
[2026-02-20 14:18:06]   牛顿顿顿: 0 篇
[2026-02-20 14:18:08] 搜索: 虎嗅APP
[2026-02-20 14:18:10]   找到: 虎嗅APP (MTQzMjE1...)
[2026-02-20 14:18:11]   虎嗅APP: 9 篇
[2026-02-20 14:18:13] 原始文章: 37 篇（来自 8 个公众号）
[2026-02-20 14:18:13] AI 相关: 23/37
[2026-02-20 14:18:13] 去已入库: 23 篇（已跳过 0 篇）
[2026-02-20 14:18:13] 合并同类项: 23 → 21 条
[2026-02-20 14:18:13] 简报已生成: /Users/ciwang/Desktop/nuwa-project/knowledgebase/digests/2026-02-20.md
[2026-02-20 16:50:47] ============================================================
[2026-02-20 16:50:47] AI 日报简报 开始生成
[2026-02-20 16:50:47] ============================================================
[2026-02-20 16:50:47] exporter 服务正常
[2026-02-20 16:50:47] auth-key 已获取 (99e0cbbc...)
[2026-02-20 16:50:47] 关注列表 (27): 雷峰网, 极客公园, 虎嗅APP, InfoQ, APPSO, 爱范儿, 机器之心, AI工程化, 牛顿顿顿, 36氪, 新智元, PaperWeekly, 夕小瑶科技说, 量子位, AI异类弗兰克, 晚点LatePost, 甲子光年, 特工宇宙, 卡尔的AI沃茨, Founder Park, 硅星人, AI信息Gap, 机器之心PRO会员, 探索AGI, 硅星人Pro, 晚点Auto, 晚点AI
[2026-02-20 16:50:47] 搜索: 雷峰网
[2026-02-20 16:50:49]   找到: 雷峰网 (MTM2ODM0...)
[2026-02-20 16:50:50]   雷峰网: 0 篇
[2026-02-20 16:50:51] 搜索: 极客公园
[2026-02-20 16:50:54]   找到: 极客公园 (MTMwNDMw...)
[2026-02-20 16:50:55]   极客公园: 4 篇
[2026-02-20 16:50:56] 搜索: 虎嗅APP
[2026-02-20 16:50:59]   找到: 虎嗅APP (MTQzMjE1...)
[2026-02-20 16:51:00]   虎嗅APP: 9 篇
[2026-02-20 16:51:01] 搜索: InfoQ
[2026-02-20 16:51:04]   找到: InfoQ (MjM5MDE0...)
[2026-02-20 16:51:05]   InfoQ: 2 篇
[2026-02-20 16:51:06] 搜索: APPSO
[2026-02-20 16:51:08]   找到: APPSO (MjM5MjAy...)
[2026-02-20 16:51:09]   APPSO: 2 篇
[2026-02-20 16:51:11] 搜索: 爱范儿
[2026-02-20 16:51:13]   找到: 爱范儿 (MjgzMTAw...)
[2026-02-20 16:51:14]   爱范儿: 3 篇
[2026-02-20 16:51:15] 搜索: 机器之心
[2026-02-20 16:51:18]   找到: 机器之心 (MzA3MzI4...)
[2026-02-20 16:51:18]   机器之心: 7 篇
[2026-02-20 16:51:20] 搜索: AI工程化
[2026-02-20 16:51:23]   找到: AI工程化 (MzA5MTIx...)
[2026-02-20 16:51:23]   AI工程化: 2 篇
[2026-02-20 16:51:25] 搜索: 牛顿顿顿
[2026-02-20 16:51:27]   找到: 牛顿顿顿 (MzAwNTI1...)
[2026-02-20 16:51:28]   牛顿顿顿: 0 篇
[2026-02-20 16:51:29] 搜索: 36氪
[2026-02-20 16:51:32]   找到: 36氪 (MzI2NDk5...)
[2026-02-20 16:51:32]   36氪: 4 篇
[2026-02-20 16:51:34] 搜索: 新智元
[2026-02-20 16:51:36]   找到: 新智元 (MzI3MTA0...)
[2026-02-20 16:51:37]   新智元: 5 篇
[2026-02-20 16:51:38] 搜索: PaperWeekly
[2026-02-20 16:51:41]   找到: PaperWeekly (MzIwMTc4...)
[2026-02-20 16:51:41]   PaperWeekly: 0 篇
[2026-02-20 16:51:43] 搜索: 夕小瑶科技说
[2026-02-20 16:51:45]   找到: 夕小瑶科技说 (MzIwNzc2...)
[2026-02-20 16:51:46]   夕小瑶科技说: 1 篇
[2026-02-20 16:51:47] 搜索: 量子位
[2026-02-20 16:51:50]   找到: 量子位 (MzIzNjc1...)
[2026-02-20 16:51:50]   量子位: 4 篇
[2026-02-20 16:51:52] 搜索: AI异类弗兰克
[2026-02-20 16:51:54]   找到: AI异类弗兰克 (MzU2Njg0...)
[2026-02-20 16:51:55]   AI异类弗兰克: 0 篇
[2026-02-20 16:51:56] 搜索: 晚点LatePost
[2026-02-20 16:51:59]   找到: 晚点LatePost (MzU3Mjk1...)
[2026-02-20 16:51:59]   晚点LatePost: 0 篇
[2026-02-20 16:52:01] 搜索: 甲子光年
[2026-02-20 16:52:03]   找到: 甲子光年 (MzU5OTI0...)
[2026-02-20 16:52:04]   甲子光年: 0 篇
[2026-02-20 16:52:05] 搜索: 特工宇宙
[2026-02-20 16:52:08]   找到: 特工宇宙 (MzYyMTY1...)
[2026-02-20 16:52:08]   特工宇宙: 0 篇
[2026-02-20 16:52:10] 搜索: 卡尔的AI沃茨
[2026-02-20 16:52:12]   找到: 卡尔的AI沃茨 (Mzg3MTk3...)
[2026-02-20 16:52:13]   卡尔的AI沃茨: 1 篇
[2026-02-20 16:52:14] 搜索: Founder Park
[2026-02-20 16:52:16]   找到: Founder Park (Mzg5NTc0...)
[2026-02-20 16:52:17]   Founder Park: 1 篇
[2026-02-20 16:52:18] 搜索: 硅星人
[2026-02-20 16:52:21]   找到: 硅星人Pro (MzkyNjU2...)
[2026-02-20 16:52:22]   硅星人Pro: 2 篇
[2026-02-20 16:52:23] 搜索: AI信息Gap
[2026-02-20 16:52:26]   找到: AI信息Gap (MzkwMzYz...)
[2026-02-20 16:52:26]   AI信息Gap: 2 篇
[2026-02-20 16:52:28] 搜索: 机器之心PRO会员
[2026-02-20 16:52:30]   找到: 机器之心PRO会员 (MzkwODI4...)
[2026-02-20 16:52:31]   机器之心PRO会员: 0 篇
[2026-02-20 16:52:32] 搜索: 探索AGI
[2026-02-20 16:52:35]   找到: 探索AGI (MzkxNjcy...)
[2026-02-20 16:52:36]   探索AGI: 2 篇
[2026-02-20 16:52:37] 搜索: 硅星人Pro
[2026-02-20 16:52:40]   找到: 硅星人Pro (MzkyNjU2...)
[2026-02-20 16:52:40]   硅星人Pro: 2 篇
[2026-02-20 16:52:42] 搜索: 晚点Auto
[2026-02-20 16:52:44]   找到: 晚点Auto (MzkzMDMy...)
[2026-02-20 16:52:45]   晚点Auto: 0 篇
[2026-02-20 16:52:46] 搜索: 晚点AI
[2026-02-20 16:52:48]   找到: 晚点AI (MzkzMzM4...)
[2026-02-20 16:52:49]   晚点AI: 0 篇
[2026-02-20 16:52:51] 原始文章: 53 篇（来自 16 个公众号）
[2026-02-20 16:52:51] AI 相关: 35/53
[2026-02-20 16:52:51] 去已入库: 35 篇（已跳过 0 篇）
[2026-02-20 16:52:51] 合并同类项: 35 → 27 条
[2026-02-20 16:52:51] 简报已生成: /Users/ciwang/Desktop/nuwa-project/knowledgebase/digests/2026-02-20.md
[2026-02-20 16:54:01] ============================================================
[2026-02-20 16:54:01] AI 日报简报 开始生成
[2026-02-20 16:54:01] ============================================================
[2026-02-20 16:54:01] exporter 服务正常
[2026-02-20 16:54:01] auth-key 已获取 (99e0cbbc...)
[2026-02-20 16:54:01] 关注列表 (26): 雷峰网, 极客公园, 虎嗅APP, InfoQ, APPSO, 爱范儿, 机器之心, AI工程化, 牛顿顿顿, 36氪, 新智元, PaperWeekly, 夕小瑶科技说, 量子位, AI异类弗兰克, 晚点LatePost, 甲子光年, 特工宇宙, 卡尔的AI沃茨, Founder Park, AI信息Gap, 机器之心PRO会员, 探索AGI, 硅星人Pro, 晚点Auto, 晚点AI
[2026-02-20 16:54:01] 搜索: 雷峰网
[2026-02-20 16:54:03]   找到: 雷峰网 (MTM2ODM0...)
[2026-02-20 16:54:04]   雷峰网: 0 篇
[2026-02-20 16:54:06] 搜索: 极客公园
[2026-02-20 16:54:08]   找到: 极客公园 (MTMwNDMw...)
[2026-02-20 16:54:08]   极客公园: 4 篇
[2026-02-20 16:54:10] 搜索: 虎嗅APP
[2026-02-20 16:54:12]   找到: 虎嗅APP (MTQzMjE1...)
[2026-02-20 16:54:13]   虎嗅APP: 9 篇
[2026-02-20 16:54:15] 搜索: InfoQ
[2026-02-20 16:54:17]   找到: InfoQ (MjM5MDE0...)
[2026-02-20 16:54:17]   InfoQ: 2 篇
[2026-02-20 16:54:19] 搜索: APPSO
[2026-02-20 16:54:21]   找到: APPSO (MjM5MjAy...)
[2026-02-20 16:54:22]   APPSO: 2 篇
[2026-02-20 16:54:23] 搜索: 爱范儿
[2026-02-20 16:54:26]   找到: 爱范儿 (MjgzMTAw...)
[2026-02-20 16:54:26]   爱范儿: 3 篇
[2026-02-20 16:54:28] 搜索: 机器之心
[2026-02-20 16:54:30]   找到: 机器之心 (MzA3MzI4...)
[2026-02-20 16:54:31]   机器之心: 7 篇
[2026-02-20 16:54:33] 搜索: AI工程化
[2026-02-20 16:54:35]   找到: AI工程化 (MzA5MTIx...)
[2026-02-20 16:54:35]   AI工程化: 2 篇
[2026-02-20 16:54:37] 搜索: 牛顿顿顿
[2026-02-20 16:54:39]   找到: 牛顿顿顿 (MzAwNTI1...)
[2026-02-20 16:54:40]   牛顿顿顿: 0 篇
[2026-02-20 16:54:41] 搜索: 36氪
[2026-02-20 16:54:44]   找到: 36氪 (MzI2NDk5...)
[2026-02-20 16:54:44]   36氪: 4 篇
[2026-02-20 16:54:46] 搜索: 新智元
[2026-02-20 16:54:48]   找到: 新智元 (MzI3MTA0...)
[2026-02-20 16:54:49]   新智元: 5 篇
[2026-02-20 16:54:51] 搜索: PaperWeekly
[2026-02-20 16:54:53]   找到: PaperWeekly (MzIwMTc4...)
[2026-02-20 16:54:53]   PaperWeekly: 0 篇
[2026-02-20 16:54:55] 搜索: 夕小瑶科技说
[2026-02-20 16:54:57]   找到: 夕小瑶科技说 (MzIwNzc2...)
[2026-02-20 16:54:58]   夕小瑶科技说: 1 篇
[2026-02-20 16:54:59] 搜索: 量子位
[2026-02-20 16:55:02]   找到: 量子位 (MzIzNjc1...)
[2026-02-20 16:55:02]   量子位: 4 篇
[2026-02-20 16:55:04] 搜索: AI异类弗兰克
[2026-02-20 16:55:06]   找到: AI异类弗兰克 (MzU2Njg0...)
[2026-02-20 16:55:07]   AI异类弗兰克: 0 篇
[2026-02-20 16:55:08] 搜索: 晚点LatePost
[2026-02-20 16:55:10]   找到: 晚点LatePost (MzU3Mjk1...)
[2026-02-20 16:55:11]   晚点LatePost: 0 篇
[2026-02-20 16:55:13] 搜索: 甲子光年
[2026-02-20 16:55:15]   找到: 甲子光年 (MzU5OTI0...)
[2026-02-20 16:55:15]   甲子光年: 0 篇
[2026-02-20 16:55:17] 搜索: 特工宇宙
[2026-02-20 16:55:19]   找到: 特工宇宙 (MzYyMTY1...)
[2026-02-20 16:55:20]   特工宇宙: 0 篇
[2026-02-20 16:55:21] 搜索: 卡尔的AI沃茨
[2026-02-20 16:55:23]   找到: 卡尔的AI沃茨 (Mzg3MTk3...)
[2026-02-20 16:55:24]   卡尔的AI沃茨: 1 篇
[2026-02-20 16:55:25] 搜索: Founder Park
[2026-02-20 16:55:28]   找到: Founder Park (Mzg5NTc0...)
[2026-02-20 16:55:28]   Founder Park: 1 篇
[2026-02-20 16:55:30] 搜索: AI信息Gap
[2026-02-20 16:55:32]   找到: AI信息Gap (MzkwMzYz...)
[2026-02-20 16:55:33]   AI信息Gap: 2 篇
[2026-02-20 16:55:35] 搜索: 机器之心PRO会员
[2026-02-20 16:55:37]   找到: 机器之心PRO会员 (MzkwODI4...)
[2026-02-20 16:55:37]   机器之心PRO会员: 0 篇
[2026-02-20 16:55:39] 搜索: 探索AGI
[2026-02-20 16:55:41]   找到: 探索AGI (MzkxNjcy...)
[2026-02-20 16:55:42]   探索AGI: 2 篇
[2026-02-20 16:55:43] 搜索: 硅星人Pro
[2026-02-20 16:55:45]   找到: 硅星人Pro (MzkyNjU2...)
[2026-02-20 16:55:46]   硅星人Pro: 2 篇
[2026-02-20 16:55:47] 搜索: 晚点Auto
[2026-02-20 16:55:50]   找到: 晚点Auto (MzkzMDMy...)
[2026-02-20 16:55:50]   晚点Auto: 0 篇
[2026-02-20 16:55:52] 搜索: 晚点AI
[2026-02-20 16:55:54]   找到: 晚点AI (MzkzMzM4...)
[2026-02-20 16:55:54]   晚点AI: 0 篇
[2026-02-20 16:55:56] 原始文章: 51 篇（来自 16 个公众号）
[2026-02-20 16:55:56] AI 相关: 33/51
[2026-02-20 16:55:56] 去已入库: 33 篇（已跳过 0 篇）
[2026-02-20 16:55:56] 合并同类项: 33 → 27 条
[2026-02-20 16:55:56] 简报已生成: /Users/ciwang/Desktop/nuwa-project/knowledgebase/digests/2026-02-20.md
